Using initial random factor: 1
k=12 in 243.716µs (1 iterations)
Incrementing current random factor. Using: 2
k=11 in 725.056µs (11 iterations)
k=10 in 1.265824ms (30 iterations)
k=9 in 159.18952ms (5647 iterations)
Executed 100000 iterations
Executed 200000 iterations
Incrementing current random factor. Using: 3
Executed 300000 iterations
Executed 400000 iterations
Incrementing current random factor. Using: 4
Executed 500000 iterations
Executed 600000 iterations
Incrementing current random factor. Using: 5
Executed 700000 iterations
Executed 800000 iterations
Incrementing current random factor. Using: 5
Executed 900000 iterations
Executed 1000000 iterations
sol=[8 4 2 5 6 7 9 2 5 6 7 1 3 4 9 1 3 2 4 6 5 3 8 4 1 5 9 2 4 6 5 3 2 1 8 5 2 1 6 7 4 3 7 9 8 4 3 5 6] k=9
meta runned for 33.801055443s